[2025-12-16T10:16:02.396+0000] {taskinstance.py:1979} INFO - Dependencies all met for dep_context=non-requeueable deps ti=<TaskInstance: amazon_etl_pipeline.raw_to_staging manual__2025-12-16T10:14:12.758767+00:00 [queued]>
[2025-12-16T10:16:02.406+0000] {taskinstance.py:1979} INFO - Dependencies all met for dep_context=requeueable deps ti=<TaskInstance: amazon_etl_pipeline.raw_to_staging manual__2025-12-16T10:14:12.758767+00:00 [queued]>
[2025-12-16T10:16:02.406+0000] {taskinstance.py:2193} INFO - Starting attempt 1 of 2
[2025-12-16T10:16:02.421+0000] {taskinstance.py:2217} INFO - Executing <Task(PythonOperator): raw_to_staging> on 2025-12-16 10:14:12.758767+00:00
[2025-12-16T10:16:02.429+0000] {standard_task_runner.py:60} INFO - Started process 443 to run task
[2025-12-16T10:16:02.434+0000] {standard_task_runner.py:87} INFO - Running: ['***', 'tasks', 'run', 'amazon_etl_pipeline', 'raw_to_staging', 'manual__2025-12-16T10:14:12.758767+00:00', '--job-id', '19', '--raw', '--subdir', 'DAGS_FOLDER/amazon_etl_pipeline.py', '--cfg-path', '/tmp/tmp76lxoo1g']
[2025-12-16T10:16:02.436+0000] {standard_task_runner.py:88} INFO - Job 19: Subtask raw_to_staging
[2025-12-16T10:16:02.459+0000] {logging_mixin.py:188} WARNING - /home/***/.local/lib/python3.8/site-packages/***/settings.py:194 DeprecationWarning: The sql_alchemy_conn option in [core] has been moved to the sql_alchemy_conn option in [database] - the old setting has been used, but please update your config.
[2025-12-16T10:16:02.675+0000] {task_command.py:423} INFO - Running <TaskInstance: amazon_etl_pipeline.raw_to_staging manual__2025-12-16T10:14:12.758767+00:00 [running]> on host ed1f6e05120a
[2025-12-16T10:16:02.748+0000] {taskinstance.py:2513} INFO - Exporting env vars: AIRFLOW_CTX_DAG_OWNER='sanjay' AIRFLOW_CTX_DAG_ID='amazon_etl_pipeline' AIRFLOW_CTX_TASK_ID='raw_to_staging' AIRFLOW_CTX_EXECUTION_DATE='2025-12-16T10:14:12.758767+00:00' AIRFLOW_CTX_TRY_NUMBER='1' AIRFLOW_CTX_DAG_RUN_ID='manual__2025-12-16T10:14:12.758767+00:00'
[2025-12-16T10:16:02.786+0000] {taskinstance.py:2731} ERROR - Task failed with exception
Traceback (most recent call last):
  File "/home/airflow/.local/lib/python3.8/site-packages/mysql/connector/connection_cext.py", line 323, in _open_connection
    self._cmysql.connect(**cnx_kwargs)
_mysql_connector.MySQLInterfaceError: Access denied for user 'root'@'localhost' (using password: YES)

The above exception was the direct cause of the following exception:

Traceback (most recent call last):
  File "/home/airflow/.local/lib/python3.8/site-packages/airflow/models/taskinstance.py", line 444, in _execute_task
    result = _execute_callable(context=context, **execute_callable_kwargs)
  File "/home/airflow/.local/lib/python3.8/site-packages/airflow/models/taskinstance.py", line 414, in _execute_callable
    return execute_callable(context=context, **execute_callable_kwargs)
  File "/home/airflow/.local/lib/python3.8/site-packages/airflow/operators/python.py", line 200, in execute
    return_value = self.execute_callable()
  File "/home/airflow/.local/lib/python3.8/site-packages/airflow/operators/python.py", line 217, in execute_callable
    return self.python_callable(*self.op_args, **self.op_kwargs)
  File "/opt/airflow/scripts/raw_to_staging.py", line 4, in raw_to_staging
    conn = mysql.connector.connect(
  File "/home/airflow/.local/lib/python3.8/site-packages/mysql/connector/pooling.py", line 322, in connect
    return CMySQLConnection(*args, **kwargs)
  File "/home/airflow/.local/lib/python3.8/site-packages/mysql/connector/connection_cext.py", line 140, in __init__
    self.connect(**kwargs)
  File "/home/airflow/.local/lib/python3.8/site-packages/mysql/connector/abstracts.py", line 1363, in connect
    self._open_connection()
  File "/home/airflow/.local/lib/python3.8/site-packages/mysql/connector/connection_cext.py", line 328, in _open_connection
    raise get_mysql_exception(
mysql.connector.errors.ProgrammingError: 1045 (28000): Access denied for user 'root'@'localhost' (using password: YES)
[2025-12-16T10:16:02.800+0000] {taskinstance.py:1149} INFO - Marking task as UP_FOR_RETRY. dag_id=amazon_etl_pipeline, task_id=raw_to_staging, execution_date=20251216T101412, start_date=20251216T101602, end_date=20251216T101602
[2025-12-16T10:16:02.811+0000] {standard_task_runner.py:107} ERROR - Failed to execute job 19 for task raw_to_staging (1045 (28000): Access denied for user 'root'@'localhost' (using password: YES); 443)
[2025-12-16T10:16:02.847+0000] {local_task_job_runner.py:234} INFO - Task exited with return code 1
[2025-12-16T10:16:03.034+0000] {taskinstance.py:3312} INFO - 0 downstream tasks scheduled from follow-on schedule check
