[2025-12-16T12:59:48.330+0000] {taskinstance.py:1979} INFO - Dependencies all met for dep_context=non-requeueable deps ti=<TaskInstance: amazon_etl_pipeline.staging_to_curated manual__2025-12-16T12:55:20.447421+00:00 [queued]>
[2025-12-16T12:59:48.338+0000] {taskinstance.py:1979} INFO - Dependencies all met for dep_context=requeueable deps ti=<TaskInstance: amazon_etl_pipeline.staging_to_curated manual__2025-12-16T12:55:20.447421+00:00 [queued]>
[2025-12-16T12:59:48.338+0000] {taskinstance.py:2193} INFO - Starting attempt 2 of 2
[2025-12-16T12:59:48.507+0000] {taskinstance.py:2217} INFO - Executing <Task(PythonOperator): staging_to_curated> on 2025-12-16 12:55:20.447421+00:00
[2025-12-16T12:59:48.515+0000] {standard_task_runner.py:60} INFO - Started process 320 to run task
[2025-12-16T12:59:48.519+0000] {standard_task_runner.py:87} INFO - Running: ['***', 'tasks', 'run', 'amazon_etl_pipeline', 'staging_to_curated', 'manual__2025-12-16T12:55:20.447421+00:00', '--job-id', '48', '--raw', '--subdir', 'DAGS_FOLDER/amazon_etl_pipeline.py', '--cfg-path', '/tmp/tmp53sye5c4']
[2025-12-16T12:59:48.521+0000] {standard_task_runner.py:88} INFO - Job 48: Subtask staging_to_curated
[2025-12-16T12:59:48.543+0000] {logging_mixin.py:188} WARNING - /home/***/.local/lib/python3.8/site-packages/***/settings.py:194 DeprecationWarning: The sql_alchemy_conn option in [core] has been moved to the sql_alchemy_conn option in [database] - the old setting has been used, but please update your config.
[2025-12-16T12:59:48.599+0000] {task_command.py:423} INFO - Running <TaskInstance: amazon_etl_pipeline.staging_to_curated manual__2025-12-16T12:55:20.447421+00:00 [running]> on host 011802b28b0c
[2025-12-16T12:59:48.685+0000] {taskinstance.py:2513} INFO - Exporting env vars: AIRFLOW_CTX_DAG_OWNER='sanjay' AIRFLOW_CTX_DAG_ID='amazon_etl_pipeline' AIRFLOW_CTX_TASK_ID='staging_to_curated' AIRFLOW_CTX_EXECUTION_DATE='2025-12-16T12:55:20.447421+00:00' AIRFLOW_CTX_TRY_NUMBER='2' AIRFLOW_CTX_DAG_RUN_ID='manual__2025-12-16T12:55:20.447421+00:00'
[2025-12-16T13:00:05.669+0000] {taskinstance.py:2731} ERROR - Task failed with exception
Traceback (most recent call last):
  File "/home/airflow/.local/lib/python3.8/site-packages/mysql/connector/connection_cext.py", line 661, in cmd_query
    self._cmysql.query(
_mysql_connector.MySQLInterfaceError: Column count doesn't match value count at row 1

The above exception was the direct cause of the following exception:

Traceback (most recent call last):
  File "/home/airflow/.local/lib/python3.8/site-packages/airflow/models/taskinstance.py", line 444, in _execute_task
    result = _execute_callable(context=context, **execute_callable_kwargs)
  File "/home/airflow/.local/lib/python3.8/site-packages/airflow/models/taskinstance.py", line 414, in _execute_callable
    return execute_callable(context=context, **execute_callable_kwargs)
  File "/home/airflow/.local/lib/python3.8/site-packages/airflow/operators/python.py", line 200, in execute
    return_value = self.execute_callable()
  File "/home/airflow/.local/lib/python3.8/site-packages/airflow/operators/python.py", line 217, in execute_callable
    return self.python_callable(*self.op_args, **self.op_kwargs)
  File "/opt/airflow/scripts/staging_to_curated.py", line 61, in staging_to_curated
    cursor.execute(
  File "/home/airflow/.local/lib/python3.8/site-packages/mysql/connector/cursor_cext.py", line 374, in execute
    result = self._cnx.cmd_query(
  File "/home/airflow/.local/lib/python3.8/site-packages/mysql/connector/opentelemetry/context_propagation.py", line 83, in wrapper
    result = method(cnx, *args, **kwargs)
  File "/home/airflow/.local/lib/python3.8/site-packages/mysql/connector/connection_cext.py", line 669, in cmd_query
    raise get_mysql_exception(
mysql.connector.errors.DataError: 1136 (21S01): Column count doesn't match value count at row 1
[2025-12-16T13:00:05.685+0000] {taskinstance.py:1149} INFO - Marking task as FAILED. dag_id=amazon_etl_pipeline, task_id=staging_to_curated, execution_date=20251216T125520, start_date=20251216T125948, end_date=20251216T130005
[2025-12-16T13:00:05.699+0000] {standard_task_runner.py:107} ERROR - Failed to execute job 48 for task staging_to_curated (1136 (21S01): Column count doesn't match value count at row 1; 320)
[2025-12-16T13:00:06.004+0000] {local_task_job_runner.py:234} INFO - Task exited with return code 1
[2025-12-16T13:00:06.022+0000] {taskinstance.py:3312} INFO - 0 downstream tasks scheduled from follow-on schedule check
